C:\USERS\GRAPHIC\WAROFSTARS\WAROFSTARS\DEBUG\GAMEMANAGER.OBJ
C:\USERS\GRAPHIC\WAROFSTARS\WAROFSTARS\DEBUG\GAMEOBJECT.OBJ
C:\USERS\GRAPHIC\WAROFSTARS\WAROFSTARS\DEBUG\HUD.OBJ
C:\USERS\GRAPHIC\WAROFSTARS\WAROFSTARS\DEBUG\MAIN.OBJ
C:\USERS\GRAPHIC\WAROFSTARS\WAROFSTARS\DEBUG\TERRAIN.OBJ
C:\USERS\GRAPHIC\WAROFSTARS\WAROFSTARS\DEBUG\TOWER.OBJ
C:\USERS\GRAPHIC\WAROFSTARS\WAROFSTARS\DEBUG\VISUALOBJECT.OBJ
C:\USERS\GRAPHIC\WAROFSTARS\WAROFSTARS\DEBUG\VC110.PDB
C:\USERS\GRAPHIC\WAROFSTARS\WAROFSTARS\DEBUG\WAROFSTARS.ILK
C:\USERS\GRAPHIC\WAROFSTARS\WAROFSTARS\DEBUG\WAROFSTARS.EXE
C:\USERS\GRAPHIC\WAROFSTARS\WAROFSTARS\DEBUG\WAROFSTARS.PDB
C:\Users\graphic\warofstars\WarOfStars\Debug\GameManager.obj
C:\Users\graphic\warofstars\WarOfStars\Debug\GameObject.obj
C:\Users\graphic\warofstars\WarOfStars\Debug\HUD.obj
C:\Users\graphic\warofstars\WarOfStars\Debug\main.obj
C:\Users\graphic\warofstars\WarOfStars\Debug\spaceTravel.obj
C:\Users\graphic\warofstars\WarOfStars\Debug\StaticObject.obj
C:\Users\graphic\warofstars\WarOfStars\Debug\Terrain.obj
C:\Users\graphic\warofstars\WarOfStars\Debug\TieFighter.obj
C:\Users\graphic\warofstars\WarOfStars\Debug\Tower.obj
C:\Users\graphic\warofstars\WarOfStars\Debug\Turret.obj
C:\Users\graphic\warofstars\WarOfStars\Debug\VisualObject.obj
C:\Users\graphic\warofstars\WarOfStars\Debug\SpaceTravel.ilk
C:\Users\graphic\warofstars\WarOfStars\Debug\WarOfStars.ilk
C:\Users\graphic\warofstars\WarOfStars\Debug\cl.command.1.tlog
C:\Users\graphic\warofstars\WarOfStars\Debug\CL.read.1.tlog
C:\Users\graphic\warofstars\WarOfStars\Debug\CL.write.1.tlog
C:\Users\graphic\warofstars\WarOfStars\Debug\link-cvtres.read.1.tlog
C:\Users\graphic\warofstars\WarOfStars\Debug\link-cvtres.write.1.tlog
C:\Users\graphic\warofstars\WarOfStars\Debug\link-rc.read.1.tlog
C:\Users\graphic\warofstars\WarOfStars\Debug\link-rc.write.1.tlog
C:\Users\graphic\warofstars\WarOfStars\Debug\link.10712-cvtres.read.1.tlog
C:\Users\graphic\warofstars\WarOfStars\Debug\link.10712-cvtres.write.1.tlog
C:\Users\graphic\warofstars\WarOfStars\Debug\link.10712-rc.read.1.tlog
C:\Users\graphic\warofstars\WarOfStars\Debug\link.10712-rc.write.1.tlog
C:\Users\graphic\warofstars\WarOfStars\Debug\link.10712.read.1.tlog
C:\Users\graphic\warofstars\WarOfStars\Debug\link.10712.write.1.tlog
C:\Users\graphic\warofstars\WarOfStars\Debug\link.9088-cvtres.read.1.tlog
C:\Users\graphic\warofstars\WarOfStars\Debug\link.9088-cvtres.write.1.tlog
C:\Users\graphic\warofstars\WarOfStars\Debug\link.9088-rc.read.1.tlog
C:\Users\graphic\warofstars\WarOfStars\Debug\link.9088-rc.write.1.tlog
C:\Users\graphic\warofstars\WarOfStars\Debug\link.9088.read.1.tlog
C:\Users\graphic\warofstars\WarOfStars\Debug\link.9088.write.1.tlog
C:\Users\graphic\warofstars\WarOfStars\Debug\link.command.1.tlog
C:\Users\graphic\warofstars\WarOfStars\Debug\link.read.1.tlog
C:\Users\graphic\warofstars\WarOfStars\Debug\link.write.1.tlog
C:\Users\graphic\warofstars\WarOfStars\Debug\vc110.idb
C:\Users\graphic\warofstars\WarOfStars\Debug\SpaceTravel.pdb
C:\Users\graphic\warofstars\WarOfStars\Debug\vc110.pdb
C:\Users\graphic\warofstars\WarOfStars\Debug\WarOfStars.pdb
C:\Users\graphic\warofstars\WarOfStars\Debug\WarOfStars.exe
